#
# There is insufficient memory for the Java Runtime Environment to continue.
# Native memory allocation (malloc) failed to allocate 262160 bytes for Chunk::new
# Possible reasons:
#   The system is out of physical RAM or swap space
#   The process is running with CompressedOops enabled, and the Java Heap may be blocking the growth of the native heap
# Possible solutions:
#   Reduce memory load on the system
#   Increase physical memory or swap space
#   Check if swap backing store is full
#   Decrease Java heap size (-Xmx/-Xms)
#   Decrease number of Java threads
#   Decrease Java thread stack sizes (-Xss)
#   Set larger code cache with -XX:ReservedCodeCacheSize=
#   JVM is running with Unscaled Compressed Oops mode in which the Java heap is
#     placed in the first 4GB address space. The Java Heap base address is the
#     maximum limit for the native heap growth. Please use -XX:HeapBaseMinAddress
#     to set the Java Heap base and to place the Java Heap above 4GB virtual address.
# This output file may be truncated or incomplete.
#
#  Out of Memory Error (allocation.cpp:389), pid=10400, tid=0x0000000000004e28
#
# JRE version: Java(TM) SE Runtime Environment (8.0_211-b12) (build 1.8.0_211-b12)
# Java VM: Java HotSpot(TM) 64-Bit Server VM (25.211-b12 mixed mode windows-amd64 compressed oops)
# Failed to write core dump. Minidumps are not enabled by default on client versions of Windows
#

---------------  T H R E A D  ---------------

Current thread (0x0000000016d91800):  JavaThread "C2 CompilerThread0" daemon [_thread_in_native, id=20008, stack(0x00000000183e0000,0x00000000184e0000)]

Stack: [0x00000000183e0000,0x00000000184e0000]
[error occurred during error reporting (printing stack bounds), id 0xc0000005]

Native frames: (J=compiled Java code, j=interpreted, Vv=VM code, C=native code)


Current CompileTask:
C2:   5695 2109       4       java.net.URLClassLoader$1::run (5 bytes)


---------------  P R O C E S S  ---------------

Java Threads: ( => current thread )
  0x0000000019133000 JavaThread "background-preinit" [_thread_in_vm, id=11840, stack(0x0000000019620000,0x0000000019720000)]
  0x0000000016dde800 JavaThread "Service Thread" daemon [_thread_blocked, id=15216, stack(0x00000000186e0000,0x00000000187e0000)]
  0x0000000016dc3000 JavaThread "C1 CompilerThread2" daemon [_thread_blocked, id=10480, stack(0x00000000185e0000,0x00000000186e0000)]
  0x0000000016db8000 JavaThread "C2 CompilerThread1" daemon [_thread_in_native, id=6820, stack(0x00000000184e0000,0x00000000185e0000)]
=>0x0000000016d91800 JavaThread "C2 CompilerThread0" daemon [_thread_in_native, id=20008, stack(0x00000000183e0000,0x00000000184e0000)]
  0x0000000016d90000 JavaThread "Attach Listener" daemon [_thread_blocked, id=7672, stack(0x00000000182e0000,0x00000000183e0000)]
  0x0000000016d8f000 JavaThread "Signal Dispatcher" daemon [_thread_blocked, id=13912, stack(0x00000000181e0000,0x00000000182e0000)]
  0x0000000016d7b800 JavaThread "Finalizer" daemon [_thread_blocked, id=18924, stack(0x0000000017ff0000,0x00000000180f0000)]
  0x0000000002214000 JavaThread "Reference Handler" daemon [_thread_blocked, id=21192, stack(0x0000000017ef0000,0x0000000017ff0000)]
  0x0000000002123800 JavaThread "main" [_thread_in_vm, id=4468, stack(0x0000000001f60000,0x0000000002060000)]

Other Threads:
  0x0000000016d58800 VMThread [stack: 0x0000000017df0000,0x0000000017ef0000] [id=9964]
  0x0000000018830800 WatcherThread [stack: 0x0000000018be0000,0x0000000018ce0000] [id=19984]

VM state:not at safepoint (normal execution)

VM Mutex/Monitor currently owned by a thread: None

heap address: 0x0000000081400000, size: 2028 MB, Compressed Oops mode: 32-bit
Narrow klass base: 0x0000000000000000, Narrow klass shift: 3
Compressed class space size: 1073741824 Address: 0x0000000100000000

Heap:
 PSYoungGen      total 38400K, used 31698K [0x00000000d5c00000, 0x00000000da700000, 0x0000000100000000)
  eden space 33280K, 95% used [0x00000000d5c00000,0x00000000d7af4960,0x00000000d7c80000)
  from space 5120K, 0% used [0x00000000d8180000,0x00000000d8180000,0x00000000d8680000)
  to   space 5120K, 0% used [0x00000000d7c80000,0x00000000d7c80000,0x00000000d8180000)
 ParOldGen       total 56320K, used 5539K [0x0000000081400000, 0x0000000084b00000, 0x00000000d5c00000)
  object space 56320K, 9% used [0x0000000081400000,0x0000000081968d60,0x0000000084b00000)
 Metaspace       used 24709K, capacity 25442K, committed 25728K, reserved 1071104K
  class space    used 3224K, capacity 3416K, committed 3456K, reserved 1048576K

Card table byte_map: [0x00000000115e0000,0x00000000119e0000] byte_map_base: 0x00000000111d6000

Marking Bits: (ParMarkBitMap*) 0x0000000058f05ce0
 Begin Bits: [0x0000000012090000, 0x0000000014040000)
 End Bits:   [0x0000000014040000, 0x0000000015ff0000)

Polling page: 0x0000000000730000

CodeCache: size=245760Kb used=7764Kb max_used=7764Kb free=237995Kb
 bounds [0x0000000002220000, 0x00000000029c0000, 0x0000000011220000]
 total_blobs=2567 nmethods=2168 adapters=311
 compilation: enabled

Compilation events (10 events):
Event: 5.590 Thread 0x0000000016dc3000 2169       2       java.lang.String::regionMatches (149 bytes)
Event: 5.591 Thread 0x0000000016dc3000 nmethod 2169 0x00000000029b60d0 code [0x00000000029b62c0, 0x00000000029b67f8]
Event: 5.646 Thread 0x0000000016dc3000 2170 %     3       java.util.Arrays::fill @ 5 (21 bytes)
Event: 5.646 Thread 0x0000000016dc3000 nmethod 2170% 0x00000000029b6fd0 code [0x00000000029b7140, 0x00000000029b7390]
Event: 5.646 Thread 0x0000000016dc3000 2171       3       java.util.Arrays::fill (21 bytes)
Event: 5.646 Thread 0x0000000016dc3000 nmethod 2171 0x00000000029b74d0 code [0x00000000029b7640, 0x00000000029b7830]
Event: 5.655 Thread 0x0000000016dc3000 2173       3       java.lang.Character::digit (6 bytes)
Event: 5.655 Thread 0x0000000016dc3000 nmethod 2173 0x00000000029b7910 code [0x00000000029b7a80, 0x00000000029b7d18]
Event: 5.655 Thread 0x0000000016dc3000 2174       3       java.lang.CharacterDataLatin1::digit (91 bytes)
Event: 5.656 Thread 0x0000000016dc3000 nmethod 2174 0x00000000029b7e50 code [0x00000000029b7fc0, 0x00000000029b8350]

GC Heap History (10 events):
Event: 1.531 GC heap before
{Heap before GC invocations=1 (full 0):
 PSYoungGen      total 38400K, used 33280K [0x00000000d5c00000, 0x00000000d8680000, 0x0000000100000000)
  eden space 33280K, 100% used [0x00000000d5c00000,0x00000000d7c80000,0x00000000d7c80000)
  from space 5120K, 0% used [0x00000000d8180000,0x00000000d8180000,0x00000000d8680000)
  to   space 5120K, 0% used [0x00000000d7c80000,0x00000000d7c80000,0x00000000d8180000)
 ParOldGen       total 87552K, used 0K [0x0000000081400000, 0x0000000086980000, 0x00000000d5c00000)
  object space 87552K, 0% used [0x0000000081400000,0x0000000081400000,0x0000000086980000)
 Metaspace       used 10844K, capacity 11202K, committed 11520K, reserved 1058816K
  class space    used 1329K, capacity 1441K, committed 1536K, reserved 1048576K
Event: 1.538 GC heap after
Heap after GC invocations=1 (full 0):
 PSYoungGen      total 38400K, used 5088K [0x00000000d5c00000, 0x00000000d8680000, 0x0000000100000000)
  eden space 33280K, 0% used [0x00000000d5c00000,0x00000000d5c00000,0x00000000d7c80000)
  from space 5120K, 99% used [0x00000000d7c80000,0x00000000d81781a0,0x00000000d8180000)
  to   space 5120K, 0% used [0x00000000d8180000,0x00000000d8180000,0x00000000d8680000)
 ParOldGen       total 87552K, used 334K [0x0000000081400000, 0x0000000086980000, 0x00000000d5c00000)
  object space 87552K, 0% used [0x0000000081400000,0x00000000814539b0,0x0000000086980000)
 Metaspace       used 10844K, capacity 11202K, committed 11520K, reserved 1058816K
  class space    used 1329K, capacity 1441K, committed 1536K, reserved 1048576K
}
Event: 2.824 GC heap before
{Heap before GC invocations=2 (full 0):
 PSYoungGen      total 38400K, used 38368K [0x00000000d5c00000, 0x00000000d8680000, 0x0000000100000000)
  eden space 33280K, 100% used [0x00000000d5c00000,0x00000000d7c80000,0x00000000d7c80000)
  from space 5120K, 99% used [0x00000000d7c80000,0x00000000d81781a0,0x00000000d8180000)
  to   space 5120K, 0% used [0x00000000d8180000,0x00000000d8180000,0x00000000d8680000)
 ParOldGen       total 87552K, used 346K [0x0000000081400000, 0x0000000086980000, 0x00000000d5c00000)
  object space 87552K, 0% used [0x0000000081400000,0x0000000081456b20,0x0000000086980000)
 Metaspace       used 14662K, capacity 15150K, committed 15488K, reserved 1062912K
  class space    used 1971K, capacity 2124K, committed 2176K, reserved 1048576K
Event: 2.836 GC heap after
Heap after GC invocations=2 (full 0):
 PSYoungGen      total 38400K, used 5091K [0x00000000d5c00000, 0x00000000d8680000, 0x0000000100000000)
  eden space 33280K, 0% used [0x00000000d5c00000,0x00000000d5c00000,0x00000000d7c80000)
  from space 5120K, 99% used [0x00000000d8180000,0x00000000d8678d78,0x00000000d8680000)
  to   space 5120K, 0% used [0x00000000d7c80000,0x00000000d7c80000,0x00000000d8180000)
 ParOldGen       total 87552K, used 2090K [0x0000000081400000, 0x0000000086980000, 0x00000000d5c00000)
  object space 87552K, 2% used [0x0000000081400000,0x000000008160aad0,0x0000000086980000)
 Metaspace       used 14662K, capacity 15150K, committed 15488K, reserved 1062912K
  class space    used 1971K, capacity 2124K, committed 2176K, reserved 1048576K
}
Event: 3.898 GC heap before
{Heap before GC invocations=3 (full 0):
 PSYoungGen      total 38400K, used 38371K [0x00000000d5c00000, 0x00000000d8680000, 0x0000000100000000)
  eden space 33280K, 100% used [0x00000000d5c00000,0x00000000d7c80000,0x00000000d7c80000)
  from space 5120K, 99% used [0x00000000d8180000,0x00000000d8678d78,0x00000000d8680000)
  to   space 5120K, 0% used [0x00000000d7c80000,0x00000000d7c80000,0x00000000d8180000)
 ParOldGen       total 87552K, used 2095K [0x0000000081400000, 0x0000000086980000, 0x00000000d5c00000)
  object space 87552K, 2% used [0x0000000081400000,0x000000008160bc70,0x0000000086980000)
 Metaspace       used 19536K, capacity 20062K, committed 20480K, reserved 1067008K
  class space    used 2532K, capacity 2690K, committed 2816K, reserved 1048576K
Event: 3.912 GC heap after
Heap after GC invocations=3 (full 0):
 PSYoungGen      total 38400K, used 5098K [0x00000000d5c00000, 0x00000000d8680000, 0x0000000100000000)
  eden space 33280K, 0% used [0x00000000d5c00000,0x00000000d5c00000,0x00000000d7c80000)
  from space 5120K, 99% used [0x00000000d7c80000,0x00000000d817a838,0x00000000d8180000)
  to   space 5120K, 0% used [0x00000000d8180000,0x00000000d8180000,0x00000000d8680000)
 ParOldGen       total 87552K, used 5553K [0x0000000081400000, 0x0000000086980000, 0x00000000d5c00000)
  object space 87552K, 6% used [0x0000000081400000,0x000000008196c578,0x0000000086980000)
 Metaspace       used 19536K, capacity 20062K, committed 20480K, reserved 1067008K
  class space    used 2532K, capacity 2690K, committed 2816K, reserved 1048576K
}
Event: 4.363 GC heap before
{Heap before GC invocations=4 (full 0):
 PSYoungGen      total 38400K, used 15099K [0x00000000d5c00000, 0x00000000d8680000, 0x0000000100000000)
  eden space 33280K, 30% used [0x00000000d5c00000,0x00000000d65c4788,0x00000000d7c80000)
  from space 5120K, 99% used [0x00000000d7c80000,0x00000000d817a838,0x00000000d8180000)
  to   space 5120K, 0% used [0x00000000d8180000,0x00000000d8180000,0x00000000d8680000)
 ParOldGen       total 87552K, used 5553K [0x0000000081400000, 0x0000000086980000, 0x00000000d5c00000)
  object space 87552K, 6% used [0x0000000081400000,0x000000008196c578,0x0000000086980000)
 Metaspace       used 20566K, capacity 21138K, committed 21296K, reserved 1067008K
  class space    used 2680K, capacity 2854K, committed 2944K, reserved 1048576K
Event: 4.382 GC heap after
Heap after GC invocations=4 (full 0):
 PSYoungGen      total 38400K, used 5088K [0x00000000d5c00000, 0x00000000da700000, 0x0000000100000000)
  eden space 33280K, 0% used [0x00000000d5c00000,0x00000000d5c00000,0x00000000d7c80000)
  from space 5120K, 99% used [0x00000000d8180000,0x00000000d8678020,0x00000000d8680000)
  to   space 5120K, 0% used [0x00000000d7c80000,0x00000000d7c80000,0x00000000d8180000)
 ParOldGen       total 87552K, used 6152K [0x0000000081400000, 0x0000000086980000, 0x00000000d5c00000)
  object space 87552K, 7% used [0x0000000081400000,0x0000000081a02358,0x0000000086980000)
 Metaspace       used 20566K, capacity 21138K, committed 21296K, reserved 1067008K
  class space    used 2680K, capacity 2854K, committed 2944K, reserved 1048576K
}
Event: 4.382 GC heap before
{Heap before GC invocations=5 (full 1):
 PSYoungGen      total 38400K, used 5088K [0x00000000d5c00000, 0x00000000da700000, 0x0000000100000000)
  eden space 33280K, 0% used [0x00000000d5c00000,0x00000000d5c00000,0x00000000d7c80000)
  from space 5120K, 99% used [0x00000000d8180000,0x00000000d8678020,0x00000000d8680000)
  to   space 5120K, 0% used [0x00000000d7c80000,0x00000000d7c80000,0x00000000d8180000)
 ParOldGen       total 87552K, used 6152K [0x0000000081400000, 0x0000000086980000, 0x00000000d5c00000)
  object space 87552K, 7% used [0x0000000081400000,0x0000000081a02358,0x0000000086980000)
 Metaspace       used 20566K, capacity 21138K, committed 21296K, reserved 1067008K
  class space    used 2680K, capacity 2854K, committed 2944K, reserved 1048576K
Event: 4.426 GC heap after
Heap after GC invocations=5 (full 1):
 PSYoungGen      total 38400K, used 0K [0x00000000d5c00000, 0x00000000da700000, 0x0000000100000000)
  eden space 33280K, 0% used [0x00000000d5c00000,0x00000000d5c00000,0x00000000d7c80000)
  from space 5120K, 0% used [0x00000000d8180000,0x00000000d8180000,0x00000000d8680000)
  to   space 5120K, 0% used [0x00000000d7c80000,0x00000000d7c80000,0x00000000d8180000)
 ParOldGen       total 56320K, used 5539K [0x0000000081400000, 0x0000000084b00000, 0x00000000d5c00000)
  object space 56320K, 9% used [0x0000000081400000,0x0000000081968d60,0x0000000084b00000)
 Metaspace       used 20565K, capacity 21132K, committed 21296K, reserved 1067008K
  class space    used 2680K, capacity 2853K, committed 2944K, reserved 1048576K
}

Deoptimization events (10 events):
Event: 3.652 Thread 0x0000000002123800 Uncommon trap: reason=unstable_if action=reinterpret pc=0x0000000002622fdc method=sun.net.www.protocol.jar.Handler.parseURL(Ljava/net/URL;Ljava/lang/String;II)V @ 94
Event: 4.187 Thread 0x0000000019133000 Uncommon trap: reason=unstable_if action=reinterpret pc=0x00000000026462e4 method=jdk.internal.org.objectweb.asm.Type.getArgumentsAndReturnSizes(Ljava/lang/String;)I @ 47
Event: 4.576 Thread 0x0000000019133000 Uncommon trap: reason=unstable_if action=reinterpret pc=0x00000000026f1160 method=java.util.Properties$LineReader.readLine()I @ 252
Event: 4.576 Thread 0x0000000019133000 Uncommon trap: reason=unstable_if action=reinterpret pc=0x00000000026dc9e4 method=java.util.Properties$LineReader.readLine()I @ 252
Event: 4.910 Thread 0x0000000019133000 Uncommon trap: reason=unstable_if action=reinterpret pc=0x00000000028a22e4 method=com.sun.org.apache.xerces.internal.impl.XMLEntityScanner.scanLiteral(ILcom/sun/org/apache/xerces/internal/xni/XMLString;Z)I @ 570
Event: 5.014 Thread 0x0000000019133000 Uncommon trap: reason=unstable_if action=reinterpret pc=0x00000000028ae1dc method=com.sun.org.apache.xerces.internal.impl.XMLEntityScanner.skipSpaces()Z @ 125
Event: 5.085 Thread 0x0000000019133000 Uncommon trap: reason=unstable_if action=reinterpret pc=0x0000000002922e10 method=com.sun.org.apache.xerces.internal.util.SymbolTable.addSymbol([CII)Ljava/lang/String; @ 38
Event: 5.086 Thread 0x0000000019133000 Uncommon trap: reason=unstable_if action=reinterpret pc=0x00000000028f6510 method=com.sun.org.apache.xerces.internal.impl.XMLEntityScanner.scanLiteral(ILcom/sun/org/apache/xerces/internal/xni/XMLString;Z)I @ 44
Event: 5.087 Thread 0x0000000019133000 Uncommon trap: reason=unstable_if action=reinterpret pc=0x00000000028d5b08 method=com.sun.org.apache.xerces.internal.util.SymbolTable.addSymbol([CII)Ljava/lang/String; @ 38
Event: 5.356 Thread 0x0000000019133000 Uncommon trap: reason=predicate action=maybe_recompile pc=0x00000000025f2fe8 method=java.lang.String.regionMatches(ZILjava/lang/String;II)Z @ 63

Classes redefined (0 events):
No events

Internal exceptions (10 events):
Event: 2.941 Thread 0x0000000002123800 Exception <a 'java/lang/ClassNotFoundException': org/springframework/context/annotation/ConfigurationClassPostProcessorCustomizer> (0x00000000d5fc8da0) thrown at [C:\re\workspace\8-2-build-windows-amd64-cygwin\jdk8u211\12973\hotspot\src\share\vm\classfile
Event: 2.948 Thread 0x0000000002123800 Exception <a 'java/lang/ClassNotFoundException': org/springframework/beans/factory/support/BeanDefinitionRegistryPostProcessorCustomizer> (0x00000000d601b5e8) thrown at [C:\re\workspace\8-2-build-windows-amd64-cygwin\jdk8u211\12973\hotspot\src\share\vm\cl
Event: 2.948 Thread 0x0000000002123800 Exception <a 'java/lang/ClassNotFoundException': org/springframework/core/PriorityOrderedCustomizer> (0x00000000d608d078) thrown at [C:\re\workspace\8-2-build-windows-amd64-cygwin\jdk8u211\12973\hotspot\src\share\vm\classfile\systemDictionary.cpp, line 21
Event: 2.949 Thread 0x0000000002123800 Exception <a 'java/lang/ClassNotFoundException': org/springframework/context/ResourceLoaderAwareCustomizer> (0x00000000d609c1c8) thrown at [C:\re\workspace\8-2-build-windows-amd64-cygwin\jdk8u211\12973\hotspot\src\share\vm\classfile\systemDictionary.cpp, 
Event: 2.949 Thread 0x0000000002123800 Exception <a 'java/lang/ClassNotFoundException': org/springframework/beans/factory/BeanClassLoaderAwareCustomizer> (0x00000000d60ad928) thrown at [C:\re\workspace\8-2-build-windows-amd64-cygwin\jdk8u211\12973\hotspot\src\share\vm\classfile\systemDictionar
Event: 2.950 Thread 0x0000000002123800 Exception <a 'java/lang/ClassNotFoundException': org/springframework/context/EnvironmentAwareCustomizer> (0x00000000d60bd530) thrown at [C:\re\workspace\8-2-build-windows-amd64-cygwin\jdk8u211\12973\hotspot\src\share\vm\classfile\systemDictionary.cpp, lin
Event: 2.992 Thread 0x0000000002123800 Exception <a 'java/lang/NoClassDefFoundError': org/reactivestreams/Publisher> (0x00000000d6185680) thrown at [C:\re\workspace\8-2-build-windows-amd64-cygwin\jdk8u211\12973\hotspot\src\share\vm\classfile\systemDictionary.cpp, line 199]
Event: 2.994 Thread 0x0000000002123800 Exception <a 'java/lang/NoClassDefFoundError': rx/Observable> (0x00000000d6191e90) thrown at [C:\re\workspace\8-2-build-windows-amd64-cygwin\jdk8u211\12973\hotspot\src\share\vm\classfile\systemDictionary.cpp, line 199]
Event: 2.995 Thread 0x0000000002123800 Exception <a 'java/lang/NoClassDefFoundError': org/reactivestreams/Publisher> (0x00000000d61a02c0) thrown at [C:\re\workspace\8-2-build-windows-amd64-cygwin\jdk8u211\12973\hotspot\src\share\vm\classfile\systemDictionary.cpp, line 199]
Event: 4.202 Thread 0x0000000019133000 Exception <a 'java/lang/IncompatibleClassChangeError': Found class java.lang.Object, but interface was expected> (0x00000000d63459c0) thrown at [C:\re\workspace\8-2-build-windows-amd64-cygwin\jdk8u211\12973\hotspot\src\share\vm\interpreter\linkResolver.cp

Events (10 events):
Event: 5.656 loading class sun/nio/cs/CharsetMapping done
Event: 5.656 loading class sun/nio/cs/CharsetMapping$2
Event: 5.656 loading class sun/nio/cs/CharsetMapping$2 done
Event: 5.656 loading class sun/nio/cs/CharsetMapping$3
Event: 5.656 loading class sun/nio/cs/CharsetMapping$3 done
Event: 5.656 loading class sun/nio/cs/CharsetMapping$4
Event: 5.656 loading class sun/nio/cs/CharsetMapping$4 done
Event: 5.656 loading class sun/nio/cs/CharsetMapping$1
Event: 5.657 loading class sun/nio/cs/CharsetMapping$1 done
Event: 5.659 loading class sun/nio/cs/CharsetMapping$Entry


Dynamic libraries:
0x00007ff671430000 - 0x00007ff671467000 	C:\Program Files\Java\jre1.8.0_211\bin\javaw.exe
0x00007fffbde70000 - 0x00007fffbe051000 	C:\WINDOWS\SYSTEM32\ntdll.dll
0x00007fffa75e0000 - 0x00007fffa75f3000 	C:\Program Files\AVAST Software\Avast\aswhook.dll
0x00007fffbc1d0000 - 0x00007fffbc282000 	C:\WINDOWS\System32\KERNEL32.DLL
0x00007fffbaee0000 - 0x00007fffbb153000 	C:\WINDOWS\System32\KERNELBASE.dll
0x00007fffbb330000 - 0x00007fffbb3d1000 	C:\WINDOWS\System32\ADVAPI32.dll
0x00007fffbba70000 - 0x00007fffbbb0e000 	C:\WINDOWS\System32\msvcrt.dll
0x00007fffbd960000 - 0x00007fffbd9bb000 	C:\WINDOWS\System32\sechost.dll
0x00007fffbd830000 - 0x00007fffbd954000 	C:\WINDOWS\System32\RPCRT4.dll
0x00007fffbb760000 - 0x00007fffbb8f0000 	C:\WINDOWS\System32\USER32.dll
0x00007fffba710000 - 0x00007fffba730000 	C:\WINDOWS\System32\win32u.dll
0x00007fffbd9c0000 - 0x00007fffbd9e8000 	C:\WINDOWS\System32\GDI32.dll
0x00007fffbb160000 - 0x00007fffbb2f2000 	C:\WINDOWS\System32\gdi32full.dll
0x00007fffbae40000 - 0x00007fffbaedf000 	C:\WINDOWS\System32\msvcp_win.dll
0x00007fffba430000 - 0x00007fffba52a000 	C:\WINDOWS\System32\ucrtbase.dll
0x00007fffa8110000 - 0x00007fffa8379000 	C:\WINDOWS\WinSxS\amd64_microsoft.windows.common-controls_6595b64144ccf1df_6.0.17134.112_none_fb3f961b30681c12\COMCTL32.dll
0x00007fffbbde0000 - 0x00007fffbc103000 	C:\WINDOWS\System32\combase.dll
0x00007fffba5e0000 - 0x00007fffba65a000 	C:\WINDOWS\System32\bcryptPrimitives.dll
0x00007fffbb300000 - 0x00007fffbb32d000 	C:\WINDOWS\System32\IMM32.DLL
0x0000000059af0000 - 0x0000000059bc2000 	C:\Program Files\Java\jre1.8.0_211\bin\msvcr100.dll
0x00000000586e0000 - 0x0000000058f85000 	C:\Program Files\Java\jre1.8.0_211\bin\server\jvm.dll
0x00007fffbb550000 - 0x00007fffbb558000 	C:\WINDOWS\System32\PSAPI.DLL
0x00007fffa9a20000 - 0x00007fffa9a29000 	C:\WINDOWS\SYSTEM32\WSOCK32.dll
0x00007fffbbb10000 - 0x00007fffbbb7c000 	C:\WINDOWS\System32\WS2_32.dll
0x00007fffb7000000 - 0x00007fffb7023000 	C:\WINDOWS\SYSTEM32\WINMM.dll
0x00007fffae770000 - 0x00007fffae77a000 	C:\WINDOWS\SYSTEM32\VERSION.dll
0x00007fffb6fd0000 - 0x00007fffb6ffa000 	C:\WINDOWS\SYSTEM32\WINMMBASE.dll
0x00007fffba6c0000 - 0x00007fffba709000 	C:\WINDOWS\System32\cfgmgr32.dll
0x00007fffb5c80000 - 0x00007fffb5c8f000 	C:\Program Files\Java\jre1.8.0_211\bin\verify.dll
0x00007fff92cb0000 - 0x00007fff92cd9000 	C:\Program Files\Java\jre1.8.0_211\bin\java.dll
0x00007fffaf940000 - 0x00007fffaf956000 	C:\Program Files\Java\jre1.8.0_211\bin\zip.dll
0x00007fffbc290000 - 0x00007fffbd6d0000 	C:\WINDOWS\System32\SHELL32.dll
0x00007fffbbba0000 - 0x00007fffbbc49000 	C:\WINDOWS\System32\shcore.dll
0x00007fffba730000 - 0x00007fffbae3d000 	C:\WINDOWS\System32\windows.storage.dll
0x00007fffbc170000 - 0x00007fffbc1c1000 	C:\WINDOWS\System32\shlwapi.dll
0x00007fffba1f0000 - 0x00007fffba201000 	C:\WINDOWS\System32\kernel.appcore.dll
0x00007fffba220000 - 0x00007fffba23f000 	C:\WINDOWS\System32\profapi.dll
0x00007fffba180000 - 0x00007fffba1cc000 	C:\WINDOWS\System32\powrprof.dll
0x00007fffba210000 - 0x00007fffba21a000 	C:\WINDOWS\System32\FLTLIB.DLL
0x00007fffa3630000 - 0x00007fffa363d000 	C:\Program Files\Java\jre1.8.0_211\bin\management.dll
0x00007fff9c6c0000 - 0x00007fff9c6da000 	C:\Program Files\Java\jre1.8.0_211\bin\net.dll
0x00007ffface70000 - 0x00007fffad038000 	C:\WINDOWS\SYSTEM32\urlmon.dll
0x00007fffacbc0000 - 0x00007ffface62000 	C:\WINDOWS\SYSTEM32\iertutil.dll
0x00007fffb9b50000 - 0x00007fffb9b5b000 	C:\WINDOWS\SYSTEM32\CRYPTBASE.DLL
0x00007fffb99a0000 - 0x00007fffb9a06000 	C:\WINDOWS\system32\mswsock.dll
0x00007fffa4000000 - 0x00007fffa4016000 	C:\WINDOWS\system32\napinsp.dll
0x00007fffa3820000 - 0x00007fffa383a000 	C:\WINDOWS\system32\pnrpnsp.dll
0x00007fffb6e30000 - 0x00007fffb6e49000 	C:\WINDOWS\system32\NLAapi.dll
0x00007fffb9760000 - 0x00007fffb981e000 	C:\WINDOWS\SYSTEM32\DNSAPI.dll
0x00007fffbd820000 - 0x00007fffbd828000 	C:\WINDOWS\System32\NSI.dll
0x00007fffb9720000 - 0x00007fffb9758000 	C:\WINDOWS\SYSTEM32\IPHLPAPI.DLL
0x00007fffa3470000 - 0x00007fffa347e000 	C:\WINDOWS\System32\winrnr.dll
0x00007fffb3780000 - 0x00007fffb3795000 	C:\WINDOWS\System32\wshbth.dll
0x00007fffad040000 - 0x00007fffad04a000 	C:\Windows\System32\rasadhlp.dll
0x00007fffad050000 - 0x00007fffad0c2000 	C:\WINDOWS\System32\fwpuclnt.dll
0x00007fffb9c80000 - 0x00007fffb9ca5000 	C:\WINDOWS\SYSTEM32\bcrypt.dll
0x00007fff9b780000 - 0x00007fff9b792000 	C:\Program Files\Java\jre1.8.0_211\bin\nio.dll

VM Arguments:
jvm_args: -Dfile.encoding=UTF-8 
java_command: com.oltranz.ProtocolTranslatorApplication
java_class_path (initial): C:\Users\user\Documents\workspace-spring-tool-suite-4-4.6.1.RELEASE\protocol-translator\target\classes;C:\Users\user\.m2\repository\org\springframework\boot\spring-boot-starter-web\2.0.1.RELEASE\spring-boot-starter-web-2.0.1.RELEASE.jar;C:\Users\user\.m2\repository\org\springframework\boot\spring-boot-starter\2.0.1.RELEASE\spring-boot-starter-2.0.1.RELEASE.jar;C:\Users\user\.m2\repository\org\springframework\boot\spring-boot\2.0.1.RELEASE\spring-boot-2.0.1.RELEASE.jar;C:\Users\user\.m2\repository\org\springframework\boot\spring-boot-autoconfigure\2.0.1.RELEASE\spring-boot-autoconfigure-2.0.1.RELEASE.jar;C:\Users\user\.m2\repository\org\springframework\boot\spring-boot-starter-logging\2.0.1.RELEASE\spring-boot-starter-logging-2.0.1.RELEASE.jar;C:\Users\user\.m2\repository\ch\qos\logback\logback-classic\1.2.3\logback-classic-1.2.3.jar;C:\Users\user\.m2\repository\ch\qos\logback\logback-core\1.2.3\logback-core-1.2.3.jar;C:\Users\user\.m2\repository\org\apache\logging\log4j\log4j-to-slf4j\2.10.0\log4j-to-slf4j-2.10.0.jar;C:\Users\user\.m2\repository\org\apache\logging\log4j\log4j-api\2.10.0\log4j-api-2.10.0.jar;C:\Users\user\.m2\repository\org\slf4j\jul-to-slf4j\1.7.25\jul-to-slf4j-1.7.25.jar;C:\Users\user\.m2\repository\javax\annotation\javax.annotation-api\1.3.2\javax.annotation-api-1.3.2.jar;C:\Users\user\.m2\repository\org\yaml\snakeyaml\1.19\snakeyaml-1.19.jar;C:\Users\user\.m2\repository\org\springframework\boot\spring-boot-starter-json\2.0.1.RELEASE\spring-boot-starter-json-2.0.1.RELEASE.jar;C:\Users\user\.m2\repository\com\fasterxml\jackson\datatype\jackson-datatype-jdk8\2.9.5\jackson-datatype-jdk8-2.9.5.jar;C:\Users\user\.m2\repository\com\fasterxml\jackson\datatype\jackson-datatype-jsr310\2.9.5\jackson-datatype-jsr310-2.9.5.jar;C:\Users\user\.m2\repository\com\fasterxml\jackson\module\jackson-module-parameter-names\2.9.5\jackson-module-parameter-names-2.9.5.jar;C:\Users\user\.m2\repository\org\springframework\boot\spring-boot-start
Launcher Type: SUN_STANDARD

Environment Variables:
JAVA_HOME=C:\Program Files\Java\jdk-14.0.1
PATH=C:/Program Files/Java/jre1.8.0_211/bin/server;C:/Program Files/Java/jre1.8.0_211/bin;C:/Program Files/Java/jre1.8.0_211/lib/amd64;C:\Program Files (x86)\Common Files\Oracle\Java\javapath;C:\WINDOWS\system32;C:\WINDOWS;C:\WINDOWS\System32\Wbem;C:\WINDOWS\System32\WindowsPowerShell\v1.0\;C:\sqlite;C:\Program Files\MongoDB\Server\4.0\bin;C:\WINDOWS\System32\OpenSSH\;C:\Program Files\Git\cmd;C:\Program Files\nodejs\;C:\Program Files\Java\jdk-14.0.1\bin;C:\Program Files\MySQL\MySQL Shell 8.0\bin\;C:\Users\user\AppData\Local\Programs\Microsoft VS Code\bin;C:\Users\user\AppData\Roaming\npm;C:\Program Files\heroku\bin;C:\flutter\bin;C:\Users\user\.android;C:\Users\user\.android\avd;C:\kafka_2.12-2.5.0\bin\windows;;C:\Users\user\Downloads\sts-4.6.1.RELEASE;
USERNAME=user
OS=Windows_NT
PROCESSOR_IDENTIFIER=Intel64 Family 6 Model 61 Stepping 4, GenuineIntel



---------------  S Y S T E M  ---------------

OS: Windows 10.0 , 64 bit Build 17134 (10.0.17134.1)

CPU:total 4 (initial active 4) (2 cores per cpu, 2 threads per core) family 6 model 61 stepping 4, cmov, cx8, fxsr, mmx, sse, sse2, sse3, ssse3, sse4.1, sse4.2, popcnt, avx, avx2, aes, clmul, erms, 3dnowpref, lzcnt, ht, tsc, tscinvbit, bmi1, bmi2, adx

Memory: 4k page, physical 8300880k(397488k free), swap 16689488k(12900k free)

vm_info: Java HotSpot(TM) 64-Bit Server VM (25.211-b12) for windows-amd64 JRE (1.8.0_211-b12), built on Apr  1 2019 20:53:26 by "java_re" with MS VC++ 10.0 (VS2010)

time: Thu Jun 04 16:06:46 2020
timezone: South Africa Standard Time
elapsed time: 5 seconds (0d 0h 0m 5s)

